2021-06-22 19:32:37,804 DEBUG org.springframework.beans.factory.support.DefaultSingletonBeanRegistry [main] Creating shared instance of singleton bean 'org.springframework.boot.autoconfigure.http.HttpMessageConvertersAutoConfiguration$StringHttpMessageConverterConfiguration'
2021-06-22 19:32:37,845 DEBUG org.springframework.core.LocalVariableTableParameterNameDiscoverer [main] Cannot find '.class' file for class [class org.springframework.boot.autoconfigure.http.HttpMessageConvertersAutoConfiguration$StringHttpMessageConverterConfiguration$$EnhancerBySpringCGLIB$$4440260f] - unable to determine constructor/method parameter names
2021-06-22 19:32:37,851 DEBUG org.springframework.beans.factory.support.ConstructorResolver [main] Autowiring by type from bean name 'org.springframework.boot.autoconfigure.http.HttpMessageConvertersAutoConfiguration$StringHttpMessageConverterConfiguration' via constructor to bean named 'spring.http-org.springframework.boot.autoconfigure.http.HttpProperties'
2021-06-22 19:32:37,865 DEBUG org.springframework.beans.factory.support.DefaultSingletonBeanRegistry [main] Creating shared instance of singleton bean 'mappingJackson2HttpMessageConverter'
2021-06-22 19:32:37,866 DEBUG org.springframework.beans.factory.support.DefaultSingletonBeanRegistry [main] Creating shared instance of singleton bean 'org.springframework.boot.autoconfigure.http.JacksonHttpMessageConvertersConfiguration$MappingJackson2HttpMessageConverterConfiguration'
2021-06-22 19:32:37,867 DEBUG org.springframework.beans.factory.support.DefaultSingletonBeanRegistry [main] Creating shared instance of singleton bean 'jacksonObjectMapper'
2021-06-22 19:32:37,872 DEBUG org.springframework.beans.factory.support.DefaultSingletonBeanRegistry [main] Creating shared instance of singleton bean 'org.springframework.boot.autoconfigure.jackson.JacksonAutoConfiguration$JacksonObjectMapperConfiguration'
2021-06-22 19:32:37,875 DEBUG org.springframework.beans.factory.support.DefaultSingletonBeanRegistry [main] Creating shared instance of singleton bean 'jacksonObjectMapperBuilder'
2021-06-22 19:32:37,875 DEBUG org.springframework.beans.factory.support.DefaultSingletonBeanRegistry [main] Creating shared instance of singleton bean 'org.springframework.boot.autoconfigure.jackson.JacksonAutoConfiguration$JacksonObjectMapperBuilderConfiguration'
2021-06-22 19:32:37,878 DEBUG org.springframework.core.LocalVariableTableParameterNameDiscoverer [main] Cannot find '.class' file for class [class org.springframework.boot.autoconfigure.jackson.JacksonAutoConfiguration$JacksonObjectMapperBuilderConfiguration$$EnhancerBySpringCGLIB$$4ded585] - unable to determine constructor/method parameter names
2021-06-22 19:32:37,879 DEBUG org.springframework.beans.factory.support.ConstructorResolver [main] Autowiring by type from bean name 'org.springframework.boot.autoconfigure.jackson.JacksonAutoConfiguration$JacksonObjectMapperBuilderConfiguration' via constructor to bean named 'org.springframework.boot.web.servlet.context.AnnotationConfigServletWebServerApplicationContext@6c61a903'
2021-06-22 19:32:37,883 DEBUG org.springframework.beans.factory.support.DefaultSingletonBeanRegistry [main] Creating shared instance of singleton bean 'standardJacksonObjectMapperBuilderCustomizer'
2021-06-22 19:32:37,892 DEBUG org.springframework.beans.factory.support.DefaultSingletonBeanRegistry [main] Creating shared instance of singleton bean 'org.springframework.boot.autoconfigure.jackson.JacksonAutoConfiguration$Jackson2ObjectMapperBuilderCustomizerConfiguration'
2021-06-22 19:32:37,896 DEBUG org.springframework.beans.factory.support.DefaultSingletonBeanRegistry [main] Creating shared instance of singleton bean 'spring.jackson-org.springframework.boot.autoconfigure.jackson.JacksonProperties'
2021-06-22 19:32:37,900 DEBUG org.springframework.beans.factory.support.ConstructorResolver [main] Autowiring by type from bean name 'standardJacksonObjectMapperBuilderCustomizer' via factory method to bean named 'org.springframework.boot.web.servlet.context.AnnotationConfigServletWebServerApplicationContext@6c61a903'
2021-06-22 19:32:37,901 DEBUG org.springframework.beans.factory.support.ConstructorResolver [main] Autowiring by type from bean name 'standardJacksonObjectMapperBuilderCustomizer' via factory method to bean named 'spring.jackson-org.springframework.boot.autoconfigure.jackson.JacksonProperties'
2021-06-22 19:32:37,909 DEBUG org.springframework.beans.factory.support.ConstructorResolver [main] Autowiring by type from bean name 'jacksonObjectMapperBuilder' via factory method to bean named 'standardJacksonObjectMapperBuilderCustomizer'
2021-06-22 19:32:37,918 DEBUG org.springframework.beans.factory.support.DefaultSingletonBeanRegistry [main] Creating shared instance of singleton bean 'parameterNamesModule'
2021-06-22 19:32:37,922 DEBUG org.springframework.beans.factory.support.DefaultSingletonBeanRegistry [main] Creating shared instance of singleton bean 'org.springframework.boot.autoconfigure.jackson.JacksonAutoConfiguration$ParameterNamesModuleConfiguration'
2021-06-22 19:32:37,942 DEBUG org.springframework.beans.factory.support.DefaultSingletonBeanRegistry [main] Creating shared instance of singleton bean 'jsonComponentModule'
2021-06-22 19:32:37,943 DEBUG org.springframework.beans.factory.support.DefaultSingletonBeanRegistry [main] Creating shared instance of singleton bean 'org.springframework.boot.autoconfigure.jackson.JacksonAutoConfiguration'
2021-06-22 19:32:38,001 DEBUG org.springframework.beans.factory.support.ConstructorResolver [main] Autowiring by type from bean name 'jacksonObjectMapper' via factory method to bean named 'jacksonObjectMapperBuilder'
2021-06-22 19:32:38,091 DEBUG org.springframework.beans.factory.support.ConstructorResolver [main] Autowiring by type from bean name 'mappingJackson2HttpMessageConverter' via factory method to bean named 'jacksonObjectMapper'
2021-06-22 19:32:38,181 DEBUG org.springframework.beans.factory.support.DefaultSingletonBeanRegistry [main] Creating shared instance of singleton bean 'mvcConversionService'
2021-06-22 19:32:38,228 DEBUG org.springframework.beans.factory.support.DefaultSingletonBeanRegistry [main] Creating shared instance of singleton bean 'mvcValidator'
2021-06-22 19:32:38,260 DEBUG org.springframework.beans.factory.support.DefaultSingletonBeanRegistry [main] Creating shared instance of singleton bean 'applicationTaskExecutor'
2021-06-22 19:32:38,261 DEBUG org.springframework.beans.factory.support.ConstructorResolver [main] Autowiring by type from bean name 'applicationTaskExecutor' via factory method to bean named 'taskExecutorBuilder'
2021-06-22 19:32:38,293 INFO org.springframework.scheduling.concurrent.ExecutorConfigurationSupport [main] Initializing ExecutorService 'applicationTaskExecutor'
2021-06-22 19:32:38,376 DEBUG org.springframework.web.servlet.mvc.method.annotation.RequestMappingHandlerAdapter [main] ControllerAdvice beans: 0 @ModelAttribute, 0 @InitBinder, 1 RequestBodyAdvice, 1, ResponseBodyAdvice
2021-06-22 19:32:38,520 DEBUG org.springframework.beans.factory.support.DefaultSingletonBeanRegistry [main] Creating shared instance of singleton bean 'requestMappingHandlerMapping'
2021-06-22 19:32:38,555 DEBUG org.springframework.beans.factory.support.DefaultSingletonBeanRegistry [main] Creating shared instance of singleton bean 'mvcResourceUrlProvider'
