2021-06-29 20:26:50,703 INFO org.apache.juli.logging.DirectJDKLog [restartedMain] Starting ProtocolHandler ["http-nio-8181"]
2021-06-29 20:26:50,761 INFO org.apache.juli.logging.DirectJDKLog [restartedMain] Using a shared selector for servlet write/read
2021-06-29 20:26:50,820 INFO org.springframework.boot.web.embedded.tomcat.TomcatWebServer [restartedMain] Tomcat started on port(s): 8181 (http) with context path '/manoj'
2021-06-29 20:26:50,844 INFO org.springframework.boot.StartupInfoLogger [restartedMain] Started MainApp in 7.525 seconds (JVM running for 8.87)
2021-06-29 20:27:33,174 INFO org.springframework.scheduling.concurrent.ExecutorConfigurationSupport [Thread-6] Shutting down ExecutorService 'taskScheduler'
2021-06-29 20:27:33,179 INFO org.springframework.scheduling.concurrent.ExecutorConfigurationSupport [Thread-6] Shutting down ExecutorService 'applicationTaskExecutor'
2021-06-29 20:27:33,179 ERROR org.springframework.scheduling.support.TaskUtils$LoggingErrorHandler [scheduling-1] Unexpected error occurred in scheduled task.
java.lang.InterruptedException: sleep interrupted
	at java.lang.Thread.sleep(Native Method)
	at com.employee.scheduler.TestScheduler.execute(TestScheduler.java:17)
	at sun.reflect.NativeMethodAccessorImpl.invoke0(Native Method)
	at sun.reflect.NativeMethodAccessorImpl.invoke(NativeMethodAccessorImpl.java:62)
	at sun.reflect.DelegatingMethodAccessorImpl.invoke(DelegatingMethodAccessorImpl.java:43)
	at java.lang.reflect.Method.invoke(Method.java:498)
	at org.springframework.scheduling.support.ScheduledMethodRunnable.run(ScheduledMethodRunnable.java:84)
	at org.springframework.scheduling.support.DelegatingErrorHandlingRunnable.run(DelegatingErrorHandlingRunnable.java:54)
	at java.util.concurrent.Executors$RunnableAdapter.call(Executors.java:511)
	at java.util.concurrent.FutureTask.runAndReset(FutureTask.java:308)
	at java.util.concurrent.ScheduledThreadPoolExecutor$ScheduledFutureTask.access$301(ScheduledThreadPoolExecutor.java:180)
	at java.util.concurrent.ScheduledThreadPoolExecutor$ScheduledFutureTask.run(ScheduledThreadPoolExecutor.java:294)
	at java.util.concurrent.ThreadPoolExecutor.runWorker(ThreadPoolExecutor.java:1149)
	at java.util.concurrent.ThreadPoolExecutor$Worker.run(ThreadPoolExecutor.java:624)
	at java.lang.Thread.run(Thread.java:748)
2021-06-29 20:27:40,342 INFO org.springframework.boot.StartupInfoLogger [restartedMain] Starting MainApp on WGC1WC6VNFGH2 with PID 15580 (C:\Users\mvinaya2\eclipse-workspace-spring-learning-new2\employee\target\classes started by MVINAYA2 in C:\Users\mvinaya2\eclipse-workspace-spring-learning-new2\employee)
2021-06-29 20:27:40,348 INFO org.springframework.boot.SpringApplication [restartedMain] No active profile set, falling back to default profiles: default
2021-06-29 20:27:40,454 INFO org.springframework.boot.logging.DeferredLog [restartedMain] Devtools property defaults active! Set 'spring.devtools.add-properties' to 'false' to disable
2021-06-29 20:27:40,455 INFO org.springframework.boot.logging.DeferredLog [restartedMain] For additional web related logging consider setting the 'logging.level.web' property to 'DEBUG'
2021-06-29 20:28:33,930 INFO org.springframework.boot.StartupInfoLogger [restartedMain] Starting MainApp on WGC1WC6VNFGH2 with PID 15600 (C:\Users\mvinaya2\eclipse-workspace-spring-learning-new2\employee\target\classes started by MVINAYA2 in C:\Users\mvinaya2\eclipse-workspace-spring-learning-new2\employee)
2021-06-29 20:28:33,934 INFO org.springframework.boot.SpringApplication [restartedMain] No active profile set, falling back to default profiles: default
2021-06-29 20:28:34,050 INFO org.springframework.boot.logging.DeferredLog [restartedMain] Devtools property defaults active! Set 'spring.devtools.add-properties' to 'false' to disable
2021-06-29 20:28:34,050 INFO org.springframework.boot.logging.DeferredLog [restartedMain] For additional web related logging consider setting the 'logging.level.web' property to 'DEBUG'
