2021-06-29 19:39:29,457 INFO org.apache.juli.logging.DirectJDKLog [restartedMain] Starting ProtocolHandler ["http-nio-8181"]
2021-06-29 19:39:29,471 INFO org.apache.juli.logging.DirectJDKLog [restartedMain] Using a shared selector for servlet write/read
2021-06-29 19:39:29,506 INFO org.springframework.boot.web.embedded.tomcat.TomcatWebServer [restartedMain] Tomcat started on port(s): 8181 (http) with context path '/manoj'
2021-06-29 19:39:29,511 INFO org.springframework.boot.StartupInfoLogger [restartedMain] Started MainApp in 3.613 seconds (JVM running for 4.299)
2021-06-29 19:39:39,167 INFO org.springframework.scheduling.concurrent.ExecutorConfigurationSupport [Thread-6] Shutting down ExecutorService 'taskScheduler'
2021-06-29 19:39:39,172 INFO org.springframework.scheduling.concurrent.ExecutorConfigurationSupport [Thread-6] Shutting down ExecutorService 'applicationTaskExecutor'
2021-06-29 19:39:39,282 ERROR org.springframework.scheduling.support.TaskUtils$LoggingErrorHandler [scheduling-1] Unexpected error occurred in scheduled task.
java.lang.InterruptedException: sleep interrupted
	at java.lang.Thread.sleep(Native Method)
	at com.employee.scheduler.TestScheduler.execute2(TestScheduler.java:21)
	at sun.reflect.NativeMethodAccessorImpl.invoke0(Native Method)
	at sun.reflect.NativeMethodAccessorImpl.invoke(NativeMethodAccessorImpl.java:62)
	at sun.reflect.DelegatingMethodAccessorImpl.invoke(DelegatingMethodAccessorImpl.java:43)
	at java.lang.reflect.Method.invoke(Method.java:498)
	at org.springframework.scheduling.support.ScheduledMethodRunnable.run(ScheduledMethodRunnable.java:84)
	at org.springframework.scheduling.support.DelegatingErrorHandlingRunnable.run(DelegatingErrorHandlingRunnable.java:54)
	at java.util.concurrent.Executors$RunnableAdapter.call(Executors.java:511)
	at java.util.concurrent.FutureTask.runAndReset(FutureTask.java:308)
	at java.util.concurrent.ScheduledThreadPoolExecutor$ScheduledFutureTask.access$301(ScheduledThreadPoolExecutor.java:180)
	at java.util.concurrent.ScheduledThreadPoolExecutor$ScheduledFutureTask.run(ScheduledThreadPoolExecutor.java:294)
	at java.util.concurrent.ThreadPoolExecutor.runWorker(ThreadPoolExecutor.java:1149)
	at java.util.concurrent.ThreadPoolExecutor$Worker.run(ThreadPoolExecutor.java:624)
	at java.lang.Thread.run(Thread.java:748)
2021-06-29 19:39:39,882 INFO org.springframework.boot.StartupInfoLogger [restartedMain] Starting MainApp on WGC1WC6VNFGH2 with PID 7424 (C:\Users\mvinaya2\eclipse-workspace-spring-learning-new2\employee\target\classes started by MVINAYA2 in C:\Users\mvinaya2\eclipse-workspace-spring-learning-new2\employee)
2021-06-29 19:39:39,883 INFO org.springframework.boot.SpringApplication [restartedMain] No active profile set, falling back to default profiles: default
2021-06-29 19:39:40,272 INFO org.springframework.boot.web.embedded.tomcat.TomcatWebServer [restartedMain] Tomcat initialized with port(s): 8181 (http)
2021-06-29 19:39:40,272 INFO org.apache.juli.logging.DirectJDKLog [restartedMain] Initializing ProtocolHandler ["http-nio-8181"]
2021-06-29 19:39:40,273 INFO org.apache.juli.logging.DirectJDKLog [restartedMain] Starting service [Tomcat]
2021-06-29 19:39:40,273 INFO org.apache.juli.logging.DirectJDKLog [restartedMain] Starting Servlet Engine: Apache Tomcat/9.0.12
2021-06-29 19:39:40,410 INFO org.apache.juli.logging.DirectJDKLog [restartedMain] At least one JAR was scanned for TLDs yet contained no TLDs. Enable debug logging for this logger for a complete list of JARs that were scanned but no TLDs were found in them. Skipping unneeded JARs during scanning can improve startup time and JSP compilation time.
2021-06-29 19:39:40,413 INFO org.apache.juli.logging.DirectJDKLog [restartedMain] Initializing Spring embedded WebApplicationContext
2021-06-29 19:39:40,413 INFO org.springframework.boot.web.servlet.context.ServletWebServerApplicationContext [restartedMain] Root WebApplicationContext: initialization completed in 528 ms
2021-06-29 19:39:40,425 INFO org.springframework.boot.web.servlet.AbstractFilterRegistrationBean [restartedMain] Mapping filter: 'characterEncodingFilter' to: [/*]
2021-06-29 19:39:40,426 INFO org.springframework.boot.web.servlet.AbstractFilterRegistrationBean [restartedMain] Mapping filter: 'hiddenHttpMethodFilter' to: [/*]
2021-06-29 19:39:40,426 INFO org.springframework.boot.web.servlet.AbstractFilterRegistrationBean [restartedMain] Mapping filter: 'formContentFilter' to: [/*]
2021-06-29 19:39:40,426 INFO org.springframework.boot.web.servlet.AbstractFilterRegistrationBean [restartedMain] Mapping filter: 'requestContextFilter' to: [/*]
2021-06-29 19:39:40,426 INFO org.springframework.boot.web.servlet.AbstractFilterRegistrationBean [restartedMain] Mapping filter: 'springSecurityFilterChain' to: [/*]
2021-06-29 19:39:40,427 INFO org.springframework.boot.web.servlet.AbstractFilterRegistrationBean [restartedMain] Mapping filter: 'sampleFilter' to: [/*]
