2021-06-22 19:32:37,606 DEBUG org.springframework.beans.factory.support.DefaultSingletonBeanRegistry [main] Creating shared instance of singleton bean 'org.springframework.boot.autoconfigure.validation.ValidationAutoConfiguration'
2021-06-22 19:32:37,613 DEBUG org.springframework.beans.factory.support.DefaultSingletonBeanRegistry [main] Creating shared instance of singleton bean 'defaultValidator'
2021-06-22 19:32:37,622 DEBUG org.hibernate.validator.internal.engine.resolver.TraversableResolvers [main] Cannot find javax.persistence.Persistence on classpath. Assuming non JPA 2 environment. All properties will per default be traversable.
2021-06-22 19:32:37,624 DEBUG org.hibernate.validator.messageinterpolation.ResourceBundleMessageInterpolator [main] Loaded expression factory via original TCCL
2021-06-22 19:32:37,628 DEBUG org.hibernate.validator.internal.engine.resolver.TraversableResolvers [main] Cannot find javax.persistence.Persistence on classpath. Assuming non JPA 2 environment. All properties will per default be traversable.
2021-06-22 19:32:37,629 DEBUG org.hibernate.validator.internal.engine.ConfigurationImpl [main] Setting custom MessageInterpolator of type org.springframework.validation.beanvalidation.LocaleContextMessageInterpolator
2021-06-22 19:32:37,631 DEBUG org.hibernate.validator.internal.engine.ConfigurationImpl [main] Setting custom ConstraintValidatorFactory of type org.springframework.validation.beanvalidation.SpringConstraintValidatorFactory
2021-06-22 19:32:37,632 DEBUG org.hibernate.validator.internal.engine.ConfigurationImpl [main] Setting custom ParameterNameProvider of type org.springframework.validation.beanvalidation.LocalValidatorFactoryBean$1
2021-06-22 19:32:37,634 DEBUG org.hibernate.validator.internal.xml.config.ValidationXmlParser [main] Trying to load META-INF/validation.xml for XML based Validator configuration.
2021-06-22 19:32:37,634 DEBUG org.hibernate.validator.internal.xml.config.ResourceLoaderHelper [main] Trying to load META-INF/validation.xml via user class loader
2021-06-22 19:32:37,634 DEBUG org.hibernate.validator.internal.xml.config.ResourceLoaderHelper [main] Trying to load META-INF/validation.xml via TCCL
2021-06-22 19:32:37,635 DEBUG org.hibernate.validator.internal.xml.config.ResourceLoaderHelper [main] Trying to load META-INF/validation.xml via Hibernate Validator's class loader
2021-06-22 19:32:37,635 DEBUG org.hibernate.validator.internal.xml.config.ValidationXmlParser [main] No META-INF/validation.xml found. Using annotation based configuration only.
2021-06-22 19:32:37,647 DEBUG org.hibernate.validator.internal.engine.ValidatorFactoryImpl [main] HV000234: Using org.springframework.validation.beanvalidation.LocaleContextMessageInterpolator as ValidatorFactory-scoped message interpolator.
2021-06-22 19:32:37,647 DEBUG org.hibernate.validator.internal.engine.ValidatorFactoryImpl [main] HV000234: Using org.hibernate.validator.internal.engine.resolver.TraverseAllTraversableResolver as ValidatorFactory-scoped traversable resolver.
2021-06-22 19:32:37,647 DEBUG org.hibernate.validator.internal.engine.ValidatorFactoryImpl [main] HV000234: Using org.hibernate.validator.internal.util.ExecutableParameterNameProvider as ValidatorFactory-scoped parameter name provider.
2021-06-22 19:32:37,647 DEBUG org.hibernate.validator.internal.engine.ValidatorFactoryImpl [main] HV000234: Using org.hibernate.validator.internal.engine.DefaultClockProvider as ValidatorFactory-scoped clock provider.
2021-06-22 19:32:37,648 DEBUG org.hibernate.validator.internal.engine.ValidatorFactoryImpl [main] HV000234: Using org.hibernate.validator.internal.engine.scripting.DefaultScriptEvaluatorFactory as ValidatorFactory-scoped script evaluator factory.
2021-06-22 19:32:37,649 DEBUG org.springframework.beans.factory.support.DefaultSingletonBeanRegistry [main] Creating shared instance of singleton bean 'errorAttributes'
2021-06-22 19:32:37,652 DEBUG org.springframework.beans.factory.support.DefaultSingletonBeanRegistry [main] Creating shared instance of singleton bean 'basicErrorController'
2021-06-22 19:32:37,654 DEBUG org.springframework.beans.factory.support.ConstructorResolver [main] Autowiring by type from bean name 'basicErrorController' via factory method to bean named 'errorAttributes'
2021-06-22 19:32:37,660 DEBUG org.springframework.beans.factory.support.DefaultSingletonBeanRegistry [main] Creating shared instance of singleton bean 'org.springframework.boot.autoconfigure.web.servlet.WebMvcAutoConfiguration$WebMvcAutoConfigurationAdapter$FaviconConfiguration'
2021-06-22 19:32:37,661 DEBUG org.springframework.core.LocalVariableTableParameterNameDiscoverer [main] Cannot find '.class' file for class [class org.springframework.boot.autoconfigure.web.servlet.WebMvcAutoConfiguration$WebMvcAutoConfigurationAdapter$FaviconConfiguration$$EnhancerBySpringCGLIB$$c02cb786] - unable to determine constructor/method parameter names
2021-06-22 19:32:37,661 DEBUG org.springframework.beans.factory.support.ConstructorResolver [main] Autowiring by type from bean name 'org.springframework.boot.autoconfigure.web.servlet.WebMvcAutoConfiguration$WebMvcAutoConfigurationAdapter$FaviconConfiguration' via constructor to bean named 'spring.resources-org.springframework.boot.autoconfigure.web.ResourceProperties'
2021-06-22 19:32:37,662 DEBUG org.springframework.beans.factory.support.DefaultSingletonBeanRegistry [main] Creating shared instance of singleton bean 'faviconHandlerMapping'
2021-06-22 19:32:37,691 DEBUG org.springframework.beans.factory.support.DefaultSingletonBeanRegistry [main] Creating shared instance of singleton bean 'faviconRequestHandler'
2021-06-22 19:32:37,737 DEBUG org.springframework.web.servlet.handler.SimpleUrlHandlerMapping [main] Patterns [/**/favicon.ico] in 'faviconHandlerMapping'
2021-06-22 19:32:37,738 DEBUG org.springframework.beans.factory.support.DefaultSingletonBeanRegistry [main] Creating shared instance of singleton bean 'requestMappingHandlerAdapter'
2021-06-22 19:32:37,788 DEBUG org.springframework.beans.factory.support.DefaultSingletonBeanRegistry [main] Creating shared instance of singleton bean 'messageConverters'
2021-06-22 19:32:37,789 DEBUG org.springframework.beans.factory.support.DefaultSingletonBeanRegistry [main] Creating shared instance of singleton bean 'org.springframework.boot.autoconfigure.http.HttpMessageConvertersAutoConfiguration'
2021-06-22 19:32:37,790 DEBUG org.springframework.core.LocalVariableTableParameterNameDiscoverer [main] Cannot find '.class' file for class [class org.springframework.boot.autoconfigure.http.HttpMessageConvertersAutoConfiguration$$EnhancerBySpringCGLIB$$11325f6f] - unable to determine constructor/method parameter names
2021-06-22 19:32:37,801 DEBUG org.springframework.beans.factory.support.DefaultSingletonBeanRegistry [main] Creating shared instance of singleton bean 'stringHttpMessageConverter'
